2018-06-06 13:31:36,986 - ERROR - connect database failed, (1044, u"Access denied for user 'shanghai'@'%' to database 'txcalcdb_pro'")
2018-06-06 13:33:38,545 - ERROR - connect database failed, (1044, u"Access denied for user 'shanghai'@'%' to database 'txcalcdb_pro'")
2018-06-06 13:51:27,647 - ERROR - connect database failed, (1044, u"Access denied for user 'shanghai'@'%' to database 'txcalcdb_pro'")
2018-06-06 13:53:37,938 - ERROR - connect database failed, (1044, u"Access denied for user 'shanghai'@'%' to database 'txcalcdb_pro'")
2018-06-06 14:00:54,384 - ERROR - connect database failed, (1044, u"Access denied for user 'shanghai'@'%' to database 'txcalcdb_pro'")
2018-06-06 14:03:51,520 - ERROR - connect database failed, (1044, u"Access denied for user 'shanghai'@'%' to database 'txcalcdb_pro'")
2018-06-06 17:27:22,036 - WARNING - query database exception:(1065, u'Query was empty')
2018-06-06 17:35:04,305 - WARNING - query database exception:(1065, u'Query was empty')
2018-06-06 18:50:00,365 - WARNING - query database exception:(1241, u'Operand should contain 1 column(s)')
2018-06-06 18:50:35,184 - WARNING - query database exception:(1241, u'Operand should contain 1 column(s)')
2018-06-06 18:52:43,266 - WARNING - query database exception:(1241, u'Operand should contain 1 column(s)')
2018-06-06 18:53:45,815 - WARNING - query database exception:(1241, u'Operand should contain 1 column(s)')
2018-06-06 18:56:38,950 - WARNING - query database exception:(1241, u'Operand should contain 1 column(s)')
2018-06-06 18:57:44,684 - WARNING - query database exception:(1054, u"Unknown column 'F_STCOK_STDCODE' in 'where clause'")
2018-06-06 19:14:55,280 - WARNING - query database exception:(1065, u'Query was empty')
2018-06-06 19:15:58,088 - WARNING - query database exception:(1064, u"You have an error in your SQL syntax; check the manual that corresponds to your MySQL server version for the right syntax to use near '['000001'] \t\t\t\tand F_TRADE_DATE between None and None' at line 1")
2018-06-06 19:17:12,459 - WARNING - query database exception:(1064, u"You have an error in your SQL syntax; check the manual that corresponds to your MySQL server version for the right syntax to use near '['000001'] and \t\t\t\tF_TRADE_DATE between None and None' at line 1")
2018-06-06 19:17:44,226 - WARNING - query database exception:(1064, u"You have an error in your SQL syntax; check the manual that corresponds to your MySQL server version for the right syntax to use near '['000001'] and \t\tF_TRADE_DATE between None and None' at line 1")
2018-06-06 19:18:14,441 - WARNING - query database exception:(1064, u"You have an error in your SQL syntax; check the manual that corresponds to your MySQL server version for the right syntax to use near '['000001'] and F_TRADE_DATE between None and None' at line 1")
2018-06-06 19:29:58,352 - WARNING - query database exception:(1064, u"You have an error in your SQL syntax; check the manual that corresponds to your MySQL server version for the right syntax to use near '['000001'] and F_TRADE_DATE=20180518' at line 1")
2018-06-06 19:31:23,446 - WARNING - query database exception:(1064, u"You have an error in your SQL syntax; check the manual that corresponds to your MySQL server version for the right syntax to use near '000001 and F_TRADE_DATE=20180518' at line 1")
2018-06-06 19:33:18,279 - WARNING - query database exception:(1064, u"You have an error in your SQL syntax; check the manual that corresponds to your MySQL server version for the right syntax to use near ''000001' and F_TRADE_DATE=20180518' at line 1")
2018-06-06 19:35:10,151 - WARNING - query database exception:(1064, u"You have an error in your SQL syntax; check the manual that corresponds to your MySQL server version for the right syntax to use near ''000001' and F_TRADE_DATE=20180518' at line 1")
2018-06-06 19:37:39,857 - WARNING - query database exception:(1064, u"You have an error in your SQL syntax; check the manual that corresponds to your MySQL server version for the right syntax to use near ''000001' and F_TRADE_DATE=20180518' at line 1")
2018-06-06 19:38:54,447 - WARNING - query database exception:(1064, u"You have an error in your SQL syntax; check the manual that corresponds to your MySQL server version for the right syntax to use near ''000001' and F_TRADE_DATE=20180518' at line 1")
2018-06-06 19:45:13,548 - WARNING - query database exception:(1064, u"You have an error in your SQL syntax; check the manual that corresponds to your MySQL server version for the right syntax to use near '['000001'] and F_TRADE_DATE=20180518' at line 1")
2018-06-06 19:50:02,213 - WARNING - query database exception:(1064, u"You have an error in your SQL syntax; check the manual that corresponds to your MySQL server version for the right syntax to use near ') and \t\t\t\tF_TRADE_DATE=20180518' at line 1")
